/*C3*/SET SCHEMA PUBLIC
CONNECT USER SA
SET AUTOCOMMIT FALSE
DISCONNECT
/*C4*/SET SCHEMA PUBLIC
CONNECT USER SA
SET AUTOCOMMIT FALSE
INSERT INTO SALE VALUES(14,'2014-12-05 14:27:51.054000000',1)
INSERT INTO SOLDITEM VALUES(19,14,1,'Layz kr\u00f5psud',3,10.5)
DELETE FROM STOCKITEM WHERE ID=1
INSERT INTO STOCKITEM VALUES(1,'Layz kr\u00f5psud',10.5,93,NULL)
COMMIT
INSERT INTO SALE VALUES(15,'2014-12-05 14:28:28.703000000',1)
INSERT INTO SOLDITEM VALUES(20,15,3,'P\u00e4hklid',-6,10.0)
DELETE FROM STOCKITEM WHERE ID=3
INSERT INTO STOCKITEM VALUES(3,'P\u00e4hklid',10.0,66,NULL)
COMMIT
DISCONNECT
/*C5*/SET SCHEMA PUBLIC
CONNECT USER SA
SET AUTOCOMMIT FALSE
DISCONNECT
/*C6*/SET SCHEMA PUBLIC
CONNECT USER SA
SET AUTOCOMMIT FALSE
INSERT INTO SALE VALUES(16,'2014-12-05 14:35:22.138000000',1)
INSERT INTO SOLDITEM VALUES(21,16,1,'Layz kr\u00f5psud',19,10.5)
DELETE FROM STOCKITEM WHERE ID=1
INSERT INTO STOCKITEM VALUES(1,'Layz kr\u00f5psud',10.5,74,NULL)
COMMIT
DISCONNECT
